<i> [webpack-dev-server] Project is running at:
<i> [webpack-dev-server] Loopback: http://localhost:9001/, http://[::1]:9001/
<i> [webpack-dev-server] On Your Network (IPv4): http://172.31.1.199:9001/
<i> [webpack-dev-server] On Your Network (IPv6): http://[fd90:5ee6:dcf7:49a5:8d1:de9b:bf9c:2f15]:9001/
<i> [webpack-dev-server] Content not from webpack is served from './dist' directory
<i> [webpack-dev-middleware] wait until bundle finished: /
assets by path *.js 5.02 MiB
  assets by chunk 3.86 MiB (id hint: vendors)
    asset vendors-node_modules_patternfly_react-code-editor_dist_esm_components_CodeEditor_CodeEditor_j-322472-chunk.js 1.94 MiB [compared for emit] (id hint: vendors) 1 related asset
    asset vendors-node_modules_patternfly_react-core_dist_esm_helpers_util_js-node_modules_patternfly_r-77d579-chunk.js 942 KiB [compared for emit] (id hint: vendors) 1 related asset
    asset vendors-node_modules_patternfly_react-core_dist_esm_components_Tooltip_Tooltip_js-chunk.js 182 KiB [compared for emit] (id hint: vendors) 1 related asset
    asset vendors-node_modules_immutable_dist_immutable_js-node_modules_typesafe-actions_dist_typesafe--17064d-chunk.js 143 KiB [compared for emit] (id hint: vendors) 1 related asset
    asset vendors-node_modules_patternfly_react-core_dist_esm_components_Menu_Menu_js-node_modules_patt-1971a8-chunk.js 96.9 KiB [compared for emit] (id hint: vendors) 1 related asset
    + 14 assets
  + 94 assets
assets by path assets/ 9.12 KiB
  asset assets/logo..svg 4.14 KiB [compared for emit] [from: assets/logo.svg] (auxiliary name: exposed-usePopover)
  asset assets/logo-dark..svg 4.09 KiB [compared for emit] [from: assets/logo-dark.svg] (auxiliary name: exposed-usePopover)
  asset assets/user..png 906 bytes [compared for emit] [from: assets/user.png] (auxiliary name: exposed-usePopover)
asset locales/en/plugin__lightspeed-console-plugin.json 9.58 KiB [compared for emit] [from: ../locales/en/plugin__lightspeed-console-plugin.json] [copied]
asset plugin-manifest.json 1.35 KiB [emitted] [compared for emit]
orphan modules 22.8 KiB [orphan] 97 modules
runtime modules 83.7 KiB 15 modules
modules by path ../node_modules/ 3.23 MiB 591 modules
consume-shared-module modules 2.26 KiB
  modules by path consume shared module (default) @patternfly/ 2.05 KiB 50 modules
  modules by path *.2 (singleton) 84 bytes 2 modules
  + 3 modules
modules by path ./ 215 KiB (javascript) 9.12 KiB (asset) 51 modules
provide-module modules 2.05 KiB
  modules by path provide shared module (default) @patternfly/react-core/dist/dynamic/ 1.03 KiB 25 modules
  modules by path provide shared module (default) @patternfly/react-icons/dist/dynamic/icons/ 1.03 KiB
    provide shared module (default) @patternfly/react-icons/dist/dynamic/icons/check...(truncated) 42 bytes [built] [code generated]
    + 24 modules
container entry 42 bytes [built] [code generated]
webpack 5.105.4 compiled successfully in 11088 ms
<i> [webpack-dev-server] Gracefully shutting down. To force exit, press ^C again. Please wait...
