2026-04-09T21:20:14.279532Z  INFO konveyor: semver_analyzer_konveyor_core: Loaded rename patterns count=0 path=/Users/jmatthews/synced/semver-analyzer/hack/integration/patternfly-token-mappings.yaml
2026-04-09T21:20:14.279629Z  INFO konveyor: semver_analyzer_konveyor_core: Loaded token mappings count=226
2026-04-09T21:20:14.279645Z  INFO konveyor: semver_analyzer_konveyor_core: Loaded CSS variable renames count=226
2026-04-09T21:20:14.279661Z  INFO konveyor: semver_analyzer: loading report from file path=/tmp/semver-pipeline-v2/analysis/patternfly-report.json
2026-04-09T21:20:14.757928Z DEBUG konveyor: semver_analyzer_ts::konveyor: Package info cache built entries=["react-docs: @patternfly/react-docs (7.4.1)", "react-charts: @patternfly/react-charts (8.4.1)", "react-templates: @patternfly/react-templates (6.4.1)", "react-tokens: @patternfly/react-tokens (6.4.0)", "react-code-editor: @patternfly/react-code-editor (6.4.1)", "react-drag-drop: @patternfly/react-drag-drop (6.4.1)", "react-integration: @patternfly/react-integration (6.0.0-prerelease.40)", "react-icons: @patternfly/react-icons (6.4.0)", "react-core: @patternfly/react-core (6.4.1)", "react-styles: @patternfly/react-styles (6.4.0)", "transformer-cjs-imports: transformer-cjs-imports (4.79.4-prerelease.2)", "react-table: @patternfly/react-table (6.4.1)", "eslint-plugin-patternfly-react: eslint-plugin-patternfly-react (6.4.0)", "transformer-react-styles-esm-imports: transformer-react-styles-esm-imports (1.0.1-prerelease.4)"]
2026-04-09T21:20:15.033106Z  INFO konveyor: semver_analyzer: token member analysis covered=4922 renames=1083
2026-04-09T21:20:15.040583Z DEBUG konveyor: semver_analyzer_ts::konveyor: P0-C coverage computed components=90 covered_props=244
2026-04-09T21:20:15.045409Z DEBUG konveyor: semver_analyzer_ts::konveyor: Collapsed constant rules into single rule count=30 change_type=removed strategy=ConstantGroup package=@patternfly/react-core rule_id=semver-patternfly-react-core-constant-removed-constantgroup-combined
2026-04-09T21:20:15.046596Z DEBUG konveyor: semver_analyzer_ts::konveyor: Collapsed constant rules into single rule count=1747 change_type=type-changed strategy=ConstantGroup package=@patternfly/react-icons rule_id=semver-patternfly-react-icons-constant-type-changed-constantgroup-combined
2026-04-09T21:20:15.049894Z DEBUG konveyor: semver_analyzer_ts::konveyor: Collapsed constant rules into single rule count=2021 change_type=type-changed strategy=CssVariablePrefix package=@patternfly/react-tokens rule_id=semver-patternfly-react-tokens-constant-type-changed-cssvariableprefix-combined
2026-04-09T21:20:15.070657Z DEBUG konveyor: semver_analyzer_ts::konveyor: Built per-token Rename mappings for constantgroup mappings=3968 symbols=3968
2026-04-09T21:20:15.070694Z DEBUG konveyor: semver_analyzer_ts::konveyor: Collapsed constant rules into single rule count=3968 change_type=renamed strategy=CssVariablePrefix package=@patternfly/react-tokens rule_id=semver-patternfly-react-tokens-constant-renamed-cssvariableprefix-combined
2026-04-09T21:20:15.075119Z DEBUG konveyor: semver_analyzer_ts::konveyor: Excluded constants with token_mappings from collapsed group (will get individual Rename rules) excluded=344 remaining=6674 package=@patternfly/react-tokens
2026-04-09T21:20:15.080253Z DEBUG konveyor: semver_analyzer_ts::konveyor: Collapsed constant rules into single rule count=7018 change_type=removed strategy=CssVariablePrefix package=@patternfly/react-tokens rule_id=semver-patternfly-react-tokens-constant-removed-cssvariableprefix-combined
2026-04-09T21:20:16.752777Z  INFO konveyor: semver_analyzer_ts::konveyor: Generating CSS variable rename rules from explicit mappings count=226
2026-04-09T21:20:16.754082Z DEBUG konveyor: semver_analyzer_ts::konveyor: Generating combined CSS logical property rule suffix_rename_count=24
2026-04-09T21:20:16.754167Z DEBUG konveyor: semver_analyzer_ts::konveyor: Skipping optional new-sibling rule (no absorbed props, not composition-required) new_component=FileUploadHelperText parent=FileUpload
2026-04-09T21:20:16.754187Z DEBUG konveyor: semver_analyzer_ts::konveyor: Skipping optional new-sibling rule (no absorbed props, not composition-required) new_component=FormGroupLabelHelp parent=FormGroup
2026-04-09T21:20:16.754227Z DEBUG konveyor: semver_analyzer_ts::konveyor: Skipping optional new-sibling rule (no absorbed props, not composition-required) new_component=MastheadLogo parent=Masthead
2026-04-09T21:20:16.754243Z DEBUG konveyor: semver_analyzer_ts::konveyor: Skipping optional new-sibling rule (no absorbed props, not composition-required) new_component=PageBody parent=Page
2026-04-09T21:20:16.761379Z  INFO konveyor: semver_analyzer: rule consolidation raw=973 consolidated=662
2026-04-09T21:20:16.773362Z DEBUG konveyor: semver_analyzer_ts::konveyor: Generated dependency update rules count=13 packages=@patternfly/react-tokens, @patternfly/react-core, @patternfly/react-templates, @patternfly/react-styles, @patternfly/react-icons, @patternfly/react-drag-drop, eslint-plugin-patternfly-react, @patternfly/react-docs, @patternfly/patternfly, @patternfly/react-integration, @patternfly/react-charts, @patternfly/react-table, @patternfly/react-code-editor
2026-04-09T21:20:17.521573Z  INFO konveyor: semver_analyzer: konveyor generation complete rule_count=950 auto_fixable=660 needs_review=0 manual_only=290
